


ARM Macro Assembler    Page 1 


    1 00000000         
    2 00000000         ;/*-----------------------------------------------------
                       ------------------------------------------------------
    3 00000000         ;  File Name        : startup_.s
    4 00000000         ;  Version          : V1.00
    5 00000000         ;  Date             : 07/07/2017
    6 00000000         ;  Description      : Startup code.
    7 00000000         ;-------------------------------------------------------
                       ----------------------------------------------------*/
    8 00000000         ;/* <<< Use Configuration Wizard in Context Menu >>>    
                                                                           */
    9 00000000         
   10 00000000         ; Amount of memory (in bytes) allocated for Stack and He
                       ap
   11 00000000         ; Tailor those values to your application needs
   12 00000000         ;//   <o> Stack Size (in Bytes, must 8 byte aligned) <0-
                       16384:8>
   13 00000000 00000200 
                       Stack_Size
                               EQU              512
   14 00000000         
   15 00000000                 AREA             STACK, NOINIT, READWRITE, ALIGN
 = 3
   16 00000000         Stack_Mem
                               SPACE            Stack_Size
   17 00000200         __initial_sp
   18 00000200         
   19 00000200         ;//   <o>  Heap Size (in Bytes) <0-16384:8>
   20 00000200 00000000 
                       Heap_Size
                               EQU              0
   21 00000200         
   22 00000200                 AREA             HEAP, NOINIT, READWRITE, ALIGN 
= 3
   23 00000000         __heap_base
   24 00000000         Heap_Mem
                               SPACE            Heap_Size
   25 00000000         __heap_limit
   26 00000000         
   27 00000000                 PRESERVE8
   28 00000000                 THUMB
   29 00000000         
   30 00000000         ;*******************************************************
                       ************************
   31 00000000         ; Fill-up the Vector Table entries with the exceptions I
                       SR address
   32 00000000         ;*******************************************************
                       ************************
   33 00000000                 AREA             RESET, CODE, READONLY
   34 00000000                 EXPORT           __Vectors
   35 00000000         
   36 00000000 00000000 
                       __Vectors
                               DCD              __initial_sp ; Top address of S
                                                            tack
   37 00000004 00000000        DCD              Reset_Handler ; Reset Handler
   38 00000008 00000000        DCD              NMI_Handler ; NMI Handler
   39 0000000C 00000000        DCD              HardFault_Handler ; Hard Fault 
                                                            Handler



ARM Macro Assembler    Page 2 


   40 00000010 00000000        DCD              0           ; Reserved
   41 00000014 00000000        DCD              0           ; Reserved
   42 00000018 00000000        DCD              0           ; Reserved
   43 0000001C 00000000        DCD              0           ; Reserved
   44 00000020 00000000        DCD              0           ; Reserved
   45 00000024 00000000        DCD              0           ; Reserved
   46 00000028 00000000        DCD              0           ; Reserved      
   47 0000002C 00000000        DCD              SVC_Handler ; SVC Handler
   48 00000030 00000000        DCD              0           ; Reserved
   49 00000034 00000000        DCD              0           ; Reserved
   50 00000038 00000000        DCD              PendSV_Handler ; PendSV Handler
                                                            
   51 0000003C 00000000        DCD              SysTick_Handler 
                                                            ; SysTick Handler
   52 00000040         
   53 00000040         ; External Interrupt Handler
   54 00000040 00000000        DCD              WWDG_Handler ;  16+ 0:  WWDG_Ha
                                                            ndler
   55 00000044 00000000        DCD              CLK_FAIL_Handler ;  16+ 1:  CLK
                                                            _FAIL_Handler
   56 00000048 00000000        DCD              0           ;  16+ 2:  Not Used
                                                            
   57 0000004C 00000000        DCD              FLASH_Handler ;  16+ 3:  FLASH_
                                                            Handler
   58 00000050 00000000        DCD              0           ;  16+ 4:  Not Used
                                                            
   59 00000054 00000000        DCD              PA_Handler  ;  16+ 5:  PA_Handl
                                                            er
   60 00000058 00000000        DCD              PB_Handler  ;  16+ 6:  PB_Handl
                                                            er
   61 0000005C 00000000        DCD              PC_Handler  ;  16+ 7:  PC_Handl
                                                            er
   62 00000060 00000000        DCD              PD_Handler  ;  16+ 8:  PD_Handl
                                                            er
   63 00000064 00000000        DCD              Comparator0_Handler ;  16+ 9:  
                                                            Comparator0_Handler
                                                            
   64 00000068 00000000        DCD              Comparator1_Handler ;  16+ 10: 
                                                            Comparator1_Handler
                                                            
   65 0000006C 00000000        DCD              DAC_Handler ;  16+ 11: DAC_Hand
                                                            ler
   66 00000070 00000000        DCD              ADC_Handler ;  16+ 12: ADC_Hand
                                                            ler
   67 00000074 00000000        DCD              TIMER1_Handler ;  16+ 13: TIMER
                                                            1_Handler
   68 00000078 00000000        DCD              TIMER0_Handler ;  16+ 14: TIMER
                                                            0_Handler
   69 0000007C 00000000        DCD              TIMER4_Handler ;  16+ 15: TIMER
                                                            4_Handler
   70 00000080 00000000        DCD              TIMER3_Handler ;  16+ 17: TIMER
                                                            3_Handler
   71 00000084 00000000        DCD              TIMER2_Handler ;  16+ 17: TIMER
                                                            2_Handler
   72 00000088 00000000        DCD              0           ;  16+ 18: Not Used
                                                            
   73 0000008C 00000000        DCD              0           ;  16+ 19: Not Used
                                                            
   74 00000090 00000000        DCD              HIGH_LVD_Handler ;  16+ 20: HIG



ARM Macro Assembler    Page 3 


                                                            H_LVD_Handler
   75 00000094 00000000        DCD              LOW_LVD_Handler ;  16+ 21: LOW_
                                                            LVD_Handler
   76 00000098 00000000        DCD              0           ;  16+ 22: Not Used
                                                            
   77 0000009C 00000000        DCD              I2C0_Handler ;  16+ 23: I2C0_Ha
                                                            ndler
   78 000000A0 00000000        DCD              I2C1_Handler ;  16+ 24: I2C1_Ha
                                                            ndler
   79 000000A4 00000000        DCD              SPI0_Handler ;  16+ 25: SPI0_Ha
                                                            ndler
   80 000000A8 00000000        DCD              SPI1_Handler ;  16+ 26: SPI1_Ha
                                                            ndler  
   81 000000AC 00000000        DCD              UART0_Handler ;  16+ 27: UART0_
                                                            Handler     
   82 000000B0 00000000        DCD              0           ;  16+ 28: Not Used
                                                            
   83 000000B4 00000000        DCD              0           ;  16+ 29: RTC_Hand
                                                            ler 
   84 000000B8 00000000        DCD              0
   85 000000BC 00000000        DCD              0
   86 000000C0         
   87 000000C0         
   88 000000C0         ; Reset handler routine
   89 000000C0         Reset_Handler
                               PROC
   90 000000C0                 EXPORT           Reset_Handler                  
 [WEAK]
   91 000000C0                 IMPORT           __main
   92 000000C0                 IMPORT           SystemInit
   93 000000C0 4804            LDR              R0, =SystemInit
   94 000000C2 4780            BLX              R0
   95 000000C4 4804            LDR              R0, =__main
   96 000000C6 4700            BX               R0
   97 000000C8                 ENDP
   98 000000C8         
   99 000000C8         ; Dummy Exception Handlers
  100 000000C8         NMI_Handler
                               PROC
  101 000000C8                 EXPORT           NMI_Handler                    
 [WEAK]
  102 000000C8 E7FE            B                .
  103 000000CA                 ENDP
  104 000000CA         
  105 000000CA         HardFault_Handler
                               PROC
  106 000000CA                 EXPORT           HardFault_Handler              
 [WEAK]
  107 000000CA E7FE            B                .
  108 000000CC                 ENDP
  109 000000CC         
  110 000000CC         SVC_Handler
                               PROC
  111 000000CC                 EXPORT           SVC_Handler                    
 [WEAK]
  112 000000CC E7FE            B                .
  113 000000CE                 ENDP
  114 000000CE         
  115 000000CE         PendSV_Handler



ARM Macro Assembler    Page 4 


                               PROC
  116 000000CE                 EXPORT           PendSV_Handler                 
 [WEAK]
  117 000000CE E7FE            B                .
  118 000000D0                 ENDP
  119 000000D0         
  120 000000D0         SysTick_Handler
                               PROC
  121 000000D0                 EXPORT           SysTick_Handler                
 [WEAK]
  122 000000D0 E7FE            B                .
  123 000000D2                 ENDP
  124 000000D2         
  125 000000D2         
  126 000000D2         Default_Handler
                               PROC
  127 000000D2                 EXPORT           WWDG_Handler                   
 [WEAK]
  128 000000D2                 EXPORT           CLK_FAIL_Handler               
 [WEAK]
  129 000000D2                 EXPORT           FLASH_Handler                  
 [WEAK]
  130 000000D2                 EXPORT           PA_Handler                     
 [WEAK]
  131 000000D2                 EXPORT           PB_Handler                     
 [WEAK]
  132 000000D2                 EXPORT           PC_Handler                     
 [WEAK]
  133 000000D2                 EXPORT           PD_Handler                     
 [WEAK]
  134 000000D2                 EXPORT           Comparator0_Handler            
 [WEAK]
  135 000000D2                 EXPORT           Comparator1_Handler            
 [WEAK]
  136 000000D2                 EXPORT           DAC_Handler                    
 [WEAK]
  137 000000D2                 EXPORT           ADC_Handler                    
 [WEAK]
  138 000000D2                 EXPORT           TIMER1_Handler                 
 [WEAK]
  139 000000D2                 EXPORT           TIMER0_Handler                 
 [WEAK]
  140 000000D2                 EXPORT           TIMER4_Handler                 
 [WEAK]
  141 000000D2                 EXPORT           TIMER3_Handler                 
 [WEAK]
  142 000000D2                 EXPORT           TIMER2_Handler                 
 [WEAK]
  143 000000D2                 EXPORT           HIGH_LVD_Handler               
 [WEAK]
  144 000000D2                 EXPORT           LOW_LVD_Handler                
 [WEAK]
  145 000000D2                 EXPORT           I2C0_Handler                   
 [WEAK]
  146 000000D2                 EXPORT           I2C1_Handler                   
 [WEAK]
  147 000000D2                 EXPORT           SPI0_Handler                   
 [WEAK]
  148 000000D2                 EXPORT           SPI1_Handler                   



ARM Macro Assembler    Page 5 


 [WEAK]
  149 000000D2                 EXPORT           UART0_Handler                  
 [WEAK]
  150 000000D2         
  151 000000D2         
  152 000000D2         
  153 000000D2         WWDG_Handler
  154 000000D2         CLK_FAIL_Handler
  155 000000D2         FLASH_Handler
  156 000000D2         PA_Handler
  157 000000D2         PB_Handler
  158 000000D2         PC_Handler
  159 000000D2         PD_Handler
  160 000000D2         Comparator0_Handler
  161 000000D2         Comparator1_Handler
  162 000000D2         DAC_Handler
  163 000000D2         ADC_Handler
  164 000000D2         TIMER1_Handler
  165 000000D2         TIMER0_Handler
  166 000000D2         TIMER4_Handler
  167 000000D2         TIMER3_Handler
  168 000000D2         TIMER2_Handler
  169 000000D2         HIGH_LVD_Handler
  170 000000D2         LOW_LVD_Handler
  171 000000D2         I2C0_Handler
  172 000000D2         I2C1_Handler
  173 000000D2         SPI0_Handler
  174 000000D2         SPI1_Handler
  175 000000D2         UART0_Handler
  176 000000D2         
  177 000000D2         
  178 000000D2         
  179 000000D2 E7FE            B                .
  180 000000D4                 ENDP
  181 000000D4         
  182 000000D4                 ALIGN
  183 000000D4         
  184 000000D4         ;*******************************************************
                       ************************
  185 000000D4         ; User Stack and Heap initialization
  186 000000D4         ;*******************************************************
                       ************************
  187 000000D4                 IF               :DEF:__MICROLIB
  188 000000D4         
  189 000000D4                 EXPORT           __initial_sp
  190 000000D4                 EXPORT           __heap_base
  191 000000D4                 EXPORT           __heap_limit
  192 000000D4         
  193 000000D4                 ELSE
  207                          ENDIF
  208 000000D4         
  209 000000D4                 END
              00000000 
              00000000 
Command Line: --debug --xref --diag_suppress=9931 --cpu=Cortex-M0 --apcs=interw
ork --depend=.\out\startup_pt32x005x.d -o.\out\startup_pt32x005x.o -I.\RTE\_X24
45DK-PT32F005 -IC:\Keil_v5\ARM\PACK\ARM\CMSIS\5.4.0\CMSIS\Core\Include -IC:\Kei
l_v5\ARM\PACK\PAI-IC\PT32X005_DFP\1.0.2\Device\Include --predefine="__MICROLIB 
SETA 1" --predefine="__UVISION_VERSION SETA 526" --predefine="_RTE_ SETA 1" --l



ARM Macro Assembler    Page 6 


ist=.\list\startup_pt32x005x.lst ..\FileSources\startup_PT32X005x.s



ARM Macro Assembler    Page 1 Alphabetic symbol ordering
Relocatable symbols

STACK 00000000

Symbol: STACK
   Definitions
      At line 15 in file ..\FileSources\startup_PT32X005x.s
   Uses
      None
Comment: STACK unused
Stack_Mem 00000000

Symbol: Stack_Mem
   Definitions
      At line 16 in file ..\FileSources\startup_PT32X005x.s
   Uses
      None
Comment: Stack_Mem unused
__initial_sp 00000200

Symbol: __initial_sp
   Definitions
      At line 17 in file ..\FileSources\startup_PT32X005x.s
   Uses
      At line 36 in file ..\FileSources\startup_PT32X005x.s
      At line 189 in file ..\FileSources\startup_PT32X005x.s

3 symbols



ARM Macro Assembler    Page 1 Alphabetic symbol ordering
Relocatable symbols

HEAP 00000000

Symbol: HEAP
   Definitions
      At line 22 in file ..\FileSources\startup_PT32X005x.s
   Uses
      None
Comment: HEAP unused
Heap_Mem 00000000

Symbol: Heap_Mem
   Definitions
      At line 24 in file ..\FileSources\startup_PT32X005x.s
   Uses
      None
Comment: Heap_Mem unused
__heap_base 00000000

Symbol: __heap_base
   Definitions
      At line 23 in file ..\FileSources\startup_PT32X005x.s
   Uses
      At line 190 in file ..\FileSources\startup_PT32X005x.s
Comment: __heap_base used once
__heap_limit 00000000

Symbol: __heap_limit
   Definitions
      At line 25 in file ..\FileSources\startup_PT32X005x.s
   Uses
      At line 191 in file ..\FileSources\startup_PT32X005x.s
Comment: __heap_limit used once
4 symbols



ARM Macro Assembler    Page 1 Alphabetic symbol ordering
Relocatable symbols

ADC_Handler 000000D2

Symbol: ADC_Handler
   Definitions
      At line 163 in file ..\FileSources\startup_PT32X005x.s
   Uses
      At line 66 in file ..\FileSources\startup_PT32X005x.s
      At line 137 in file ..\FileSources\startup_PT32X005x.s

CLK_FAIL_Handler 000000D2

Symbol: CLK_FAIL_Handler
   Definitions
      At line 154 in file ..\FileSources\startup_PT32X005x.s
   Uses
      At line 55 in file ..\FileSources\startup_PT32X005x.s
      At line 128 in file ..\FileSources\startup_PT32X005x.s

Comparator0_Handler 000000D2

Symbol: Comparator0_Handler
   Definitions
      At line 160 in file ..\FileSources\startup_PT32X005x.s
   Uses
      At line 63 in file ..\FileSources\startup_PT32X005x.s
      At line 134 in file ..\FileSources\startup_PT32X005x.s

Comparator1_Handler 000000D2

Symbol: Comparator1_Handler
   Definitions
      At line 161 in file ..\FileSources\startup_PT32X005x.s
   Uses
      At line 64 in file ..\FileSources\startup_PT32X005x.s
      At line 135 in file ..\FileSources\startup_PT32X005x.s

DAC_Handler 000000D2

Symbol: DAC_Handler
   Definitions
      At line 162 in file ..\FileSources\startup_PT32X005x.s
   Uses
      At line 65 in file ..\FileSources\startup_PT32X005x.s
      At line 136 in file ..\FileSources\startup_PT32X005x.s

Default_Handler 000000D2

Symbol: Default_Handler
   Definitions
      At line 126 in file ..\FileSources\startup_PT32X005x.s
   Uses
      None
Comment: Default_Handler unused
FLASH_Handler 000000D2

Symbol: FLASH_Handler
   Definitions
      At line 155 in file ..\FileSources\startup_PT32X005x.s
   Uses



ARM Macro Assembler    Page 2 Alphabetic symbol ordering
Relocatable symbols

      At line 57 in file ..\FileSources\startup_PT32X005x.s
      At line 129 in file ..\FileSources\startup_PT32X005x.s

HIGH_LVD_Handler 000000D2

Symbol: HIGH_LVD_Handler
   Definitions
      At line 169 in file ..\FileSources\startup_PT32X005x.s
   Uses
      At line 74 in file ..\FileSources\startup_PT32X005x.s
      At line 143 in file ..\FileSources\startup_PT32X005x.s

HardFault_Handler 000000CA

Symbol: HardFault_Handler
   Definitions
      At line 105 in file ..\FileSources\startup_PT32X005x.s
   Uses
      At line 39 in file ..\FileSources\startup_PT32X005x.s
      At line 106 in file ..\FileSources\startup_PT32X005x.s

I2C0_Handler 000000D2

Symbol: I2C0_Handler
   Definitions
      At line 171 in file ..\FileSources\startup_PT32X005x.s
   Uses
      At line 77 in file ..\FileSources\startup_PT32X005x.s
      At line 145 in file ..\FileSources\startup_PT32X005x.s

I2C1_Handler 000000D2

Symbol: I2C1_Handler
   Definitions
      At line 172 in file ..\FileSources\startup_PT32X005x.s
   Uses
      At line 78 in file ..\FileSources\startup_PT32X005x.s
      At line 146 in file ..\FileSources\startup_PT32X005x.s

LOW_LVD_Handler 000000D2

Symbol: LOW_LVD_Handler
   Definitions
      At line 170 in file ..\FileSources\startup_PT32X005x.s
   Uses
      At line 75 in file ..\FileSources\startup_PT32X005x.s
      At line 144 in file ..\FileSources\startup_PT32X005x.s

NMI_Handler 000000C8

Symbol: NMI_Handler
   Definitions
      At line 100 in file ..\FileSources\startup_PT32X005x.s
   Uses
      At line 38 in file ..\FileSources\startup_PT32X005x.s
      At line 101 in file ..\FileSources\startup_PT32X005x.s

PA_Handler 000000D2




ARM Macro Assembler    Page 3 Alphabetic symbol ordering
Relocatable symbols

Symbol: PA_Handler
   Definitions
      At line 156 in file ..\FileSources\startup_PT32X005x.s
   Uses
      At line 59 in file ..\FileSources\startup_PT32X005x.s
      At line 130 in file ..\FileSources\startup_PT32X005x.s

PB_Handler 000000D2

Symbol: PB_Handler
   Definitions
      At line 157 in file ..\FileSources\startup_PT32X005x.s
   Uses
      At line 60 in file ..\FileSources\startup_PT32X005x.s
      At line 131 in file ..\FileSources\startup_PT32X005x.s

PC_Handler 000000D2

Symbol: PC_Handler
   Definitions
      At line 158 in file ..\FileSources\startup_PT32X005x.s
   Uses
      At line 61 in file ..\FileSources\startup_PT32X005x.s
      At line 132 in file ..\FileSources\startup_PT32X005x.s

PD_Handler 000000D2

Symbol: PD_Handler
   Definitions
      At line 159 in file ..\FileSources\startup_PT32X005x.s
   Uses
      At line 62 in file ..\FileSources\startup_PT32X005x.s
      At line 133 in file ..\FileSources\startup_PT32X005x.s

PendSV_Handler 000000CE

Symbol: PendSV_Handler
   Definitions
      At line 115 in file ..\FileSources\startup_PT32X005x.s
   Uses
      At line 50 in file ..\FileSources\startup_PT32X005x.s
      At line 116 in file ..\FileSources\startup_PT32X005x.s

RESET 00000000

Symbol: RESET
   Definitions
      At line 33 in file ..\FileSources\startup_PT32X005x.s
   Uses
      None
Comment: RESET unused
Reset_Handler 000000C0

Symbol: Reset_Handler
   Definitions
      At line 89 in file ..\FileSources\startup_PT32X005x.s
   Uses
      At line 37 in file ..\FileSources\startup_PT32X005x.s
      At line 90 in file ..\FileSources\startup_PT32X005x.s



ARM Macro Assembler    Page 4 Alphabetic symbol ordering
Relocatable symbols


SPI0_Handler 000000D2

Symbol: SPI0_Handler
   Definitions
      At line 173 in file ..\FileSources\startup_PT32X005x.s
   Uses
      At line 79 in file ..\FileSources\startup_PT32X005x.s
      At line 147 in file ..\FileSources\startup_PT32X005x.s

SPI1_Handler 000000D2

Symbol: SPI1_Handler
   Definitions
      At line 174 in file ..\FileSources\startup_PT32X005x.s
   Uses
      At line 80 in file ..\FileSources\startup_PT32X005x.s
      At line 148 in file ..\FileSources\startup_PT32X005x.s

SVC_Handler 000000CC

Symbol: SVC_Handler
   Definitions
      At line 110 in file ..\FileSources\startup_PT32X005x.s
   Uses
      At line 47 in file ..\FileSources\startup_PT32X005x.s
      At line 111 in file ..\FileSources\startup_PT32X005x.s

SysTick_Handler 000000D0

Symbol: SysTick_Handler
   Definitions
      At line 120 in file ..\FileSources\startup_PT32X005x.s
   Uses
      At line 51 in file ..\FileSources\startup_PT32X005x.s
      At line 121 in file ..\FileSources\startup_PT32X005x.s

TIMER0_Handler 000000D2

Symbol: TIMER0_Handler
   Definitions
      At line 165 in file ..\FileSources\startup_PT32X005x.s
   Uses
      At line 68 in file ..\FileSources\startup_PT32X005x.s
      At line 139 in file ..\FileSources\startup_PT32X005x.s

TIMER1_Handler 000000D2

Symbol: TIMER1_Handler
   Definitions
      At line 164 in file ..\FileSources\startup_PT32X005x.s
   Uses
      At line 67 in file ..\FileSources\startup_PT32X005x.s
      At line 138 in file ..\FileSources\startup_PT32X005x.s

TIMER2_Handler 000000D2

Symbol: TIMER2_Handler
   Definitions



ARM Macro Assembler    Page 5 Alphabetic symbol ordering
Relocatable symbols

      At line 168 in file ..\FileSources\startup_PT32X005x.s
   Uses
      At line 71 in file ..\FileSources\startup_PT32X005x.s
      At line 142 in file ..\FileSources\startup_PT32X005x.s

TIMER3_Handler 000000D2

Symbol: TIMER3_Handler
   Definitions
      At line 167 in file ..\FileSources\startup_PT32X005x.s
   Uses
      At line 70 in file ..\FileSources\startup_PT32X005x.s
      At line 141 in file ..\FileSources\startup_PT32X005x.s

TIMER4_Handler 000000D2

Symbol: TIMER4_Handler
   Definitions
      At line 166 in file ..\FileSources\startup_PT32X005x.s
   Uses
      At line 69 in file ..\FileSources\startup_PT32X005x.s
      At line 140 in file ..\FileSources\startup_PT32X005x.s

UART0_Handler 000000D2

Symbol: UART0_Handler
   Definitions
      At line 175 in file ..\FileSources\startup_PT32X005x.s
   Uses
      At line 81 in file ..\FileSources\startup_PT32X005x.s
      At line 149 in file ..\FileSources\startup_PT32X005x.s

WWDG_Handler 000000D2

Symbol: WWDG_Handler
   Definitions
      At line 153 in file ..\FileSources\startup_PT32X005x.s
   Uses
      At line 54 in file ..\FileSources\startup_PT32X005x.s
      At line 127 in file ..\FileSources\startup_PT32X005x.s

__Vectors 00000000

Symbol: __Vectors
   Definitions
      At line 36 in file ..\FileSources\startup_PT32X005x.s
   Uses
      At line 34 in file ..\FileSources\startup_PT32X005x.s
Comment: __Vectors used once
32 symbols



ARM Macro Assembler    Page 1 Alphabetic symbol ordering
Absolute symbols

Heap_Size 00000000

Symbol: Heap_Size
   Definitions
      At line 20 in file ..\FileSources\startup_PT32X005x.s
   Uses
      At line 24 in file ..\FileSources\startup_PT32X005x.s
Comment: Heap_Size used once
Stack_Size 00000200

Symbol: Stack_Size
   Definitions
      At line 13 in file ..\FileSources\startup_PT32X005x.s
   Uses
      At line 16 in file ..\FileSources\startup_PT32X005x.s
Comment: Stack_Size used once
2 symbols



ARM Macro Assembler    Page 1 Alphabetic symbol ordering
External symbols

SystemInit 00000000

Symbol: SystemInit
   Definitions
      At line 92 in file ..\FileSources\startup_PT32X005x.s
   Uses
      At line 93 in file ..\FileSources\startup_PT32X005x.s
Comment: SystemInit used once
__main 00000000

Symbol: __main
   Definitions
      At line 91 in file ..\FileSources\startup_PT32X005x.s
   Uses
      At line 95 in file ..\FileSources\startup_PT32X005x.s
Comment: __main used once
2 symbols
378 symbols in table
