C51 COMPILER V9.59.0.0   PRINTFDEFINE                                                      09/26/2022 12:26:50 PAGE 1   


C51 COMPILER V9.59.0.0, COMPILATION OF MODULE PRINTFDEFINE
OBJECT MODULE PLACED IN ..\OBJ\PrintfDefine.obj
COMPILER INVOKED BY: C:\Keil_v5\C51\BIN\C51.EXE ..\Code\PrintfDefine.c OMF2 OPTIMIZE(8,SPEED) BROWSE INCDIR(..\Include) 
                    -DEBUG PRINT(..\Listings\PrintfDefine.lst) TABS(2) OBJECT(..\OBJ\PrintfDefine.obj)

line level    source



MODULE INFORMATION:   STATIC OVERLAYABLE
   CODE SIZE        =   ----    ----
   CONSTANT SIZE    =   ----    ----
   XDATA SIZE       =   ----    ----
   PDATA SIZE       =   ----    ----
   DATA SIZE        =   ----    ----
   IDATA SIZE       =   ----    ----
   BIT SIZE         =   ----    ----
   EDATA SIZE       =   ----    ----
   HDATA SIZE       =   ----    ----
   XDATA CONST SIZE =   ----    ----
   FAR CONST SIZE   =   ----    ----
END OF MODULE INFORMATION.


C51 COMPILATION COMPLETE.  0 WARNING(S),  0 ERROR(S)
